<?xml version="1.0" encoding="UTF-8"?>
<!-- Generated by org.testng.reporters.JUnitReportReporter -->
<testsuite hostname="utsavpc-Inspiron-3542" failures="0" tests="1" name="com.hcltech.ScreenShot_01" time="8.364" errors="0" timestamp="22 Aug 2019 08:55:43 GMT" skipped="0">
  <testcase classname="com.hcltech.ScreenShot_01" name="f" time="8.364"/>
</testsuite> <!-- com.hcltech.ScreenShot_01 -->
